<?xml version="1.0" encoding="UTF-8"?>
<!-- Generated by org.testng.reporters.JUnitReportReporter -->
<testsuite skipped="0" hostname="LAPTOP-IFLMPRQ2" name="com.fitsyn.qa.testcases.ApproveSearchSwitchAccount" tests="5" failures="0" timestamp="2021-08-03T15:36:37 IST" time="274.474" errors="0">
  <testcase name="accountStatus" time="20.083" classname="com.fitsyn.qa.testcases.ApproveSearchSwitchAccount"/>
  <system-out/>
  <testcase name="accountSwitch" time="30.614" classname="com.fitsyn.qa.testcases.ApproveSearchSwitchAccount"/>
  <system-out/>
  <testcase name="accountSearch" time="11.105" classname="com.fitsyn.qa.testcases.ApproveSearchSwitchAccount"/>
  <system-out/>
  <testcase name="status" time="18.037" classname="com.fitsyn.qa.testcases.ApproveSearchSwitchAccount"/>
  <system-out/>
  <testcase name="downloadCSV" time="194.635" classname="com.fitsyn.qa.testcases.ApproveSearchSwitchAccount"/>
  <system-out/>
</testsuite> <!-- com.fitsyn.qa.testcases.ApproveSearchSwitchAccount -->
