<?xml version="1.0" encoding="UTF-8"?>
<!-- Generated by org.testng.reporters.JUnitReportReporter -->
<testsuite skipped="0" hostname="LAPTOP-IFLMPRQ2" name="com.fitsyn.qa.testcases.SendMessageEmailTextToVoiceNumber" tests="6" failures="0" timestamp="2021-11-24T10:12:57 IST" time="212.347" errors="0">
  <testcase name="addComments" time="32.754" classname="com.fitsyn.qa.testcases.SendMessageEmailTextToVoiceNumber"/>
  <system-out/>
  <testcase name="composeEmail" time="80.158" classname="com.fitsyn.qa.testcases.SendMessageEmailTextToVoiceNumber"/>
  <system-out/>
  <testcase name="addTexts" time="26.128" classname="com.fitsyn.qa.testcases.SendMessageEmailTextToVoiceNumber"/>
  <system-out/>
  <testcase name="textLogs" time="22.181" classname="com.fitsyn.qa.testcases.SendMessageEmailTextToVoiceNumber"/>
  <system-out/>
  <testcase name="applicantDetails" time="22.040" classname="com.fitsyn.qa.testcases.SendMessageEmailTextToVoiceNumber"/>
  <system-out/>
  <testcase name="searchCampaign" time="29.086" classname="com.fitsyn.qa.testcases.SendMessageEmailTextToVoiceNumber"/>
  <system-out/>
</testsuite> <!-- com.fitsyn.qa.testcases.SendMessageEmailTextToVoiceNumber -->
