<?xml version="1.0" encoding="UTF-8"?>
<!-- Generated by org.testng.reporters.JUnitReportReporter -->
<testsuite skipped="0" hostname="LAPTOP-IFLMPRQ2" name="com.degreezenv6.qa.testcases.RegionalStudies" tests="1" failures="0" timestamp="2022-05-24T11:32:14 IST" time="53.993" errors="0">
  <testcase name="regionalStudies" time="53.993" classname="com.degreezenv6.qa.testcases.RegionalStudies"/>
  <system-out/>
</testsuite> <!-- com.degreezenv6.qa.testcases.RegionalStudies -->
