<?xml version="1.0" encoding="UTF-8"?>
<!-- Generated by org.testng.reporters.JUnitReportReporter -->
<testsuite skipped="0" hostname="LAPTOP-IFLMPRQ2" name="com.fitsyn.qa.testcases.RemoveUsersListPage" tests="1" failures="0" timestamp="2021-08-10T17:06:16 IST" time="19.184" errors="0">
  <testcase name="removeuser" time="19.184" classname="com.fitsyn.qa.testcases.RemoveUsersListPage"/>
  <system-out/>
</testsuite> <!-- com.fitsyn.qa.testcases.RemoveUsersListPage -->
