<?xml version="1.0" encoding="UTF-8"?>
<!-- Generated by org.testng.reporters.JUnitReportReporter -->
<testsuite skipped="0" hostname="LAPTOP-IFLMPRQ2" name="com.degreezenv1.qa.testcases.ArtAndDesignProgramForm" tests="1" failures="0" timestamp="2022-03-14T15:48:29 IST" time="38.124" errors="0">
  <testcase name="artDesignForm" time="38.124" classname="com.degreezenv1.qa.testcases.ArtAndDesignProgramForm"/>
  <system-out/>
</testsuite> <!-- com.degreezenv1.qa.testcases.ArtAndDesignProgramForm -->
