<?xml version="1.0" encoding="UTF-8"?>
<!-- Generated by org.testng.reporters.JUnitReportReporter -->
<testsuite skipped="0" hostname="LAPTOP-IFLMPRQ2" name="com.degreezenv6.qa.testcases.Education" tests="1" failures="0" timestamp="2022-05-24T10:23:17 IST" time="39.858" errors="0">
  <testcase name="education" time="39.858" classname="com.degreezenv6.qa.testcases.Education"/>
  <system-out/>
</testsuite> <!-- com.degreezenv6.qa.testcases.Education -->
