<?xml version="1.0" encoding="UTF-8"?>
<!-- Generated by org.testng.reporters.JUnitReportReporter -->
<testsuite skipped="0" hostname="LAPTOP-IFLMPRQ2" name="com.degreezen.qa.testcases.CheckFooterLinks" tests="1" failures="0" timestamp="2022-03-14T14:55:04 IST" time="11.836" errors="0">
  <testcase name="links" time="11.836" classname="com.degreezen.qa.testcases.CheckFooterLinks"/>
  <system-out/>
</testsuite> <!-- com.degreezen.qa.testcases.CheckFooterLinks -->
