<?xml version="1.0" encoding="UTF-8"?>
<!-- Generated by org.testng.reporters.JUnitReportReporter -->
<testsuite skipped="0" hostname="LAPTOP-IFLMPRQ2" name="com.degreezenv6.qa.testcases.Healthcare" tests="1" failures="0" timestamp="2022-05-24T10:34:20 IST" time="43.713" errors="0">
  <testcase name="healthcare" time="43.713" classname="com.degreezenv6.qa.testcases.Healthcare"/>
  <system-out/>
</testsuite> <!-- com.degreezenv6.qa.testcases.Healthcare -->
