<?xml version="1.0" encoding="UTF-8"?>
<!-- Generated by org.testng.reporters.JUnitReportReporter -->
<testsuite skipped="0" hostname="LAPTOP-IFLMPRQ2" name="com.fitsyn.qa.multipletestcases.Applistpage" tests="1" failures="0" timestamp="2021-08-17T11:39:29 IST" time="46.597" errors="0">
  <testcase name="handleDropdownoptions" time="46.597" classname="com.fitsyn.qa.multipletestcases.Applistpage"/>
  <system-out/>
</testsuite> <!-- com.fitsyn.qa.multipletestcases.Applistpage -->
