<?xml version="1.0" encoding="UTF-8"?>
<!-- Generated by org.testng.reporters.JUnitReportReporter -->
<testsuite skipped="0" hostname="LAPTOP-IFLMPRQ2" name="com.fitsyn.qa.testcases.RailOneAfterPreofferprocessWithOptinprocess" tests="2" failures="0" timestamp="2021-08-31T12:06:19 IST" time="151.960" errors="0">
  <testcase name="showPreofferAfterpageDropdowmMenu" time="15.388" classname="com.fitsyn.qa.testcases.RailOneAfterPreofferprocessWithOptinprocess"/>
  <system-out/>
  <testcase name="createApplicationRailOneAfterPreOfferConfirmationPage" time="136.572" classname="com.fitsyn.qa.testcases.RailOneAfterPreofferprocessWithOptinprocess"/>
  <system-out/>
</testsuite> <!-- com.fitsyn.qa.testcases.RailOneAfterPreofferprocessWithOptinprocess -->
