<?xml version="1.0" encoding="UTF-8"?>
<!-- Generated by org.testng.reporters.JUnitReportReporter -->
<testsuite skipped="0" hostname="LAPTOP-IFLMPRQ2" name="com.fitsyn.qa.testcases.LoginUserBlock" tests="2" failures="0" timestamp="2021-08-12T14:04:10 IST" time="171.423" errors="0">
  <testcase name="loginApp2" time="111.126" classname="com.fitsyn.qa.testcases.LoginUserBlock"/>
  <system-out/>
  <testcase name="loginApp3" time="60.297" classname="com.fitsyn.qa.testcases.LoginUserBlock"/>
  <system-out/>
</testsuite> <!-- com.fitsyn.qa.testcases.LoginUserBlock -->
