<?xml version="1.0" encoding="UTF-8"?>
<!-- Generated by org.testng.reporters.JUnitReportReporter -->
<testsuite skipped="0" hostname="LAPTOP-IFLMPRQ2" name="com.fitsyn.qa.testcases.NFBoardJointApplicationTestCase2" tests="2" failures="0" timestamp="2021-08-06T16:37:20 IST" time="210.876" errors="0">
  <testcase name="fillForm" time="183.721" classname="com.fitsyn.qa.testcases.NFBoardJointApplicationTestCase2"/>
  <system-out/>
  <testcase name="appHistory" time="27.155" classname="com.fitsyn.qa.testcases.NFBoardJointApplicationTestCase2"/>
  <system-out/>
</testsuite> <!-- com.fitsyn.qa.testcases.NFBoardJointApplicationTestCase2 -->
