<?xml version="1.0" encoding="UTF-8"?>
<!-- Generated by org.testng.reporters.JUnitReportReporter -->
<testsuite skipped="0" hostname="LAPTOP-IFLMPRQ2" name="com.degreezen.qa.testcases.FillForm" tests="1" failures="0" timestamp="2022-02-24T18:32:53 IST" time="25.829" errors="0">
  <testcase name="FillForm" time="25.829" classname="com.degreezen.qa.testcases.FillForm"/>
  <system-out/>
</testsuite> <!-- com.degreezen.qa.testcases.FillForm -->
