<?xml version="1.0" encoding="UTF-8"?>
<!-- Generated by org.testng.reporters.JUnitReportReporter -->
<testsuite skipped="0" hostname="LAPTOP-IFLMPRQ2" name="com.fitsyn.qa.testcases.DelayResultsInPreOffer" tests="2" failures="0" timestamp="2021-07-29T13:48:12 IST" time="147.739" errors="0">
  <testcase name="optinOffer" time="27.414" classname="com.fitsyn.qa.testcases.DelayResultsInPreOffer"/>
  <system-out/>
  <testcase name="fillForms" time="120.325" classname="com.fitsyn.qa.testcases.DelayResultsInPreOffer"/>
  <system-out/>
</testsuite> <!-- com.fitsyn.qa.testcases.DelayResultsInPreOffer -->
