<?xml version="1.0" encoding="UTF-8"?>
<!-- Generated by org.testng.reporters.JUnitReportReporter -->
<testsuite skipped="0" hostname="LAPTOP-IFLMPRQ2" name="com.fitsyn.qa.testcases.PublicFormIndividualApplicationTestcase2" tests="1" failures="0" timestamp="2021-08-09T14:23:42 IST" time="187.181" errors="0">
  <testcase name="fillForm" time="187.181" classname="com.fitsyn.qa.testcases.PublicFormIndividualApplicationTestcase2"/>
  <system-out/>
</testsuite> <!-- com.fitsyn.qa.testcases.PublicFormIndividualApplicationTestcase2 -->
