<?xml version="1.0" encoding="UTF-8"?>
<!-- Generated by org.testng.reporters.JUnitReportReporter -->
<testsuite skipped="0" hostname="LAPTOP-IFLMPRQ2" name="com.fitsyn.qa.testcases.JointApplicationPOSTAPIValidData" tests="2" failures="0" timestamp="2021-08-09T13:36:25 IST" time="100.055" errors="0">
  <testcase name="validData" time="5.677" classname="com.fitsyn.qa.testcases.JointApplicationPOSTAPIValidData"/>
  <system-out/>
  <testcase name="submitform" time="94.378" classname="com.fitsyn.qa.testcases.JointApplicationPOSTAPIValidData"/>
  <system-out/>
</testsuite> <!-- com.fitsyn.qa.testcases.JointApplicationPOSTAPIValidData -->
