<?xml version="1.0" encoding="UTF-8"?>
<!-- Generated by org.testng.reporters.JUnitReportReporter -->
<testsuite skipped="0" hostname="LAPTOP-IFLMPRQ2" name="com.degreezenv4.qa.testcases.Program" tests="1" failures="0" timestamp="2022-06-07T12:57:16 IST" time="59.966" errors="0">
  <testcase name="program" time="59.966" classname="com.degreezenv4.qa.testcases.Program"/>
  <system-out/>
</testsuite> <!-- com.degreezenv4.qa.testcases.Program -->
