<?xml version="1.0" encoding="UTF-8"?>
<!-- Generated by org.testng.reporters.JUnitReportReporter -->
<testsuite skipped="0" hostname="LAPTOP-IFLMPRQ2" name="com.fitsyn.qa.testcases.RailOneApplicationAPIInvalidData" tests="2" failures="0" timestamp="2021-07-27T16:33:50 IST" time="11.157" errors="0">
  <testcase name="inValidData" time="3.427" classname="com.fitsyn.qa.testcases.RailOneApplicationAPIInvalidData"/>
  <system-out/>
  <testcase name="navigateAppListPage" time="7.730" classname="com.fitsyn.qa.testcases.RailOneApplicationAPIInvalidData"/>
  <system-out/>
</testsuite> <!-- com.fitsyn.qa.testcases.RailOneApplicationAPIInvalidData -->
