<?xml version="1.0" encoding="UTF-8"?>
<!-- Generated by org.testng.reporters.JUnitReportReporter -->
<testsuite skipped="0" hostname="LAPTOP-IFLMPRQ2" name="com.fitsyn.qa.multipletestcases.DelayResultsInPreOfferForRialTwo" tests="6" failures="0" timestamp="2021-11-24T10:12:57 IST" time="359.695" errors="0">
  <testcase name="systemSettingPreOfferPageSeconds" time="20.920" classname="com.fitsyn.qa.multipletestcases.DelayResultsInPreOfferForRialTwo"/>
  <system-out/>
  <testcase name="showPreofferAfterpageDropdowmMenu" time="15.984" classname="com.fitsyn.qa.multipletestcases.DelayResultsInPreOfferForRialTwo"/>
  <system-out/>
  <testcase name="subaccountSettingRailTwo" time="32.545" classname="com.fitsyn.qa.multipletestcases.DelayResultsInPreOfferForRialTwo"/>
  <system-out/>
  <testcase name="createApplicationRailTwoAfterPreOfferConfirmationPage" time="152.601" classname="com.fitsyn.qa.multipletestcases.DelayResultsInPreOfferForRialTwo"/>
  <system-out/>
  <testcase name="showPreofferBeforepageDropdowmMenu" time="18.979" classname="com.fitsyn.qa.multipletestcases.DelayResultsInPreOfferForRialTwo"/>
  <system-out/>
  <testcase name="createApplicationRailTwoBeforePreOfferConfirmationPage" time="118.666" classname="com.fitsyn.qa.multipletestcases.DelayResultsInPreOfferForRialTwo"/>
  <system-out/>
</testsuite> <!-- com.fitsyn.qa.multipletestcases.DelayResultsInPreOfferForRialTwo -->
