<?xml version="1.0" encoding="UTF-8"?>
<!-- Generated by org.testng.reporters.JUnitReportReporter -->
<testsuite skipped="0" hostname="LAPTOP-IFLMPRQ2" name="com.fitsyn.qa.multipletestcases.UsersList" tests="1" failures="0" timestamp="2021-11-24T09:11:29 IST" time="48.565" errors="0">
  <testcase name="addUser" time="48.565" classname="com.fitsyn.qa.multipletestcases.UsersList"/>
  <system-out/>
</testsuite> <!-- com.fitsyn.qa.multipletestcases.UsersList -->
