<?xml version="1.0" encoding="UTF-8"?>
<!-- Generated by org.testng.reporters.JUnitReportReporter -->
<testsuite skipped="0" hostname="LAPTOP-IFLMPRQ2" name="com.fitsyn.qa.testcases.CampaignRailTwoDuplicateLeadAPI" tests="3" failures="0" timestamp="2021-07-27T17:32:33 IST" time="31.281" errors="0">
  <testcase name="systemSettingPage" time="18.345" classname="com.fitsyn.qa.testcases.CampaignRailTwoDuplicateLeadAPI"/>
  <system-out/>
  <testcase name="validData" time="2.640" classname="com.fitsyn.qa.testcases.CampaignRailTwoDuplicateLeadAPI"/>
  <system-out/>
  <testcase name="submitform" time="10.296" classname="com.fitsyn.qa.testcases.CampaignRailTwoDuplicateLeadAPI"/>
  <system-out/>
</testsuite> <!-- com.fitsyn.qa.testcases.CampaignRailTwoDuplicateLeadAPI -->
