<?xml version="1.0" encoding="UTF-8"?>
<!-- Generated by org.testng.reporters.JUnitReportReporter -->
<testsuite skipped="0" hostname="LAPTOP-IFLMPRQ2" name="com.fitsyn.qa.multipletestcases.CreditCardReportJointApplication" tests="3" failures="0" timestamp="2021-11-24T10:12:57 IST" time="346.148" errors="0">
  <testcase name="subaccountSettingRailTwo" time="59.874" classname="com.fitsyn.qa.multipletestcases.CreditCardReportJointApplication"/>
  <system-out/>
  <testcase name="createApplicationRailTwoCreditReport" time="245.784" classname="com.fitsyn.qa.multipletestcases.CreditCardReportJointApplication"/>
  <system-out/>
  <testcase name="appHistory" time="40.490" classname="com.fitsyn.qa.multipletestcases.CreditCardReportJointApplication"/>
  <system-out/>
</testsuite> <!-- com.fitsyn.qa.multipletestcases.CreditCardReportJointApplication -->
