<?xml version="1.0" encoding="UTF-8"?>
<!-- Generated by org.testng.reporters.JUnitReportReporter -->
<testsuite skipped="0" hostname="LAPTOP-IFLMPRQ2" name="com.fitsyn.qa.testcases.RaiLOneBeforePreofferprocessWithOptinprocess" tests="3" failures="0" timestamp="2021-08-31T12:06:19 IST" time="205.671" errors="0">
  <testcase name="subaccountSettingRailOne" time="41.987" classname="com.fitsyn.qa.testcases.RaiLOneBeforePreofferprocessWithOptinprocess"/>
  <system-out/>
  <testcase name="showPreofferBeforepageDropdowmMenu" time="19.509" classname="com.fitsyn.qa.testcases.RaiLOneBeforePreofferprocessWithOptinprocess"/>
  <system-out/>
  <testcase name="createApplicationRailOneBeforePreOfferConfirmationPage" time="144.175" classname="com.fitsyn.qa.testcases.RaiLOneBeforePreofferprocessWithOptinprocess"/>
  <system-out/>
</testsuite> <!-- com.fitsyn.qa.testcases.RaiLOneBeforePreofferprocessWithOptinprocess -->
