<?xml version="1.0" encoding="UTF-8"?>
<!-- Generated by org.testng.reporters.JUnitReportReporter -->
<testsuite skipped="0" hostname="LAPTOP-IFLMPRQ2" name="com.fitsyn.qa.testcases.PublicFormRailOneCreateAplication" tests="2" failures="0" timestamp="2021-08-10T09:43:57 IST" time="153.907" errors="0">
  <testcase name="createApp" time="34.467" classname="com.fitsyn.qa.testcases.PublicFormRailOneCreateAplication"/>
  <system-out/>
  <testcase name="publicForm" time="119.440" classname="com.fitsyn.qa.testcases.PublicFormRailOneCreateAplication"/>
  <system-out/>
</testsuite> <!-- com.fitsyn.qa.testcases.PublicFormRailOneCreateAplication -->
