<?xml version="1.0" encoding="UTF-8"?>
<!-- Generated by org.testng.reporters.JUnitReportReporter -->
<testsuite skipped="0" hostname="LAPTOP-IFLMPRQ2" name="com.fitsyn.qa.testcases.PubicFormRailTwoCreateApplication" tests="1" failures="0" timestamp="2021-08-06T21:45:05 IST" time="142.235" errors="0">
  <testcase name="fillForm" time="142.235" classname="com.fitsyn.qa.testcases.PubicFormRailTwoCreateApplication"/>
  <system-out/>
</testsuite> <!-- com.fitsyn.qa.testcases.PubicFormRailTwoCreateApplication -->
