<?xml version="1.0" encoding="UTF-8"?>
<!-- Generated by org.testng.reporters.JUnitReportReporter -->
<testsuite skipped="0" hostname="LAPTOP-IFLMPRQ2" name="com.degreezenv3.qa.testcases.Program" tests="1" failures="0" timestamp="2022-06-07T14:15:06 IST" time="71.220" errors="0">
  <testcase name="program" time="71.220" classname="com.degreezenv3.qa.testcases.Program"/>
  <system-out/>
</testsuite> <!-- com.degreezenv3.qa.testcases.Program -->
