<?xml version="1.0" encoding="UTF-8"?>
<!-- Generated by org.testng.reporters.JUnitReportReporter -->
<testsuite skipped="0" hostname="LAPTOP-IFLMPRQ2" name="com.degreezenv6.qa.testcases.CommunicationAndMultimedia" tests="1" failures="0" timestamp="2022-05-23T16:02:42 IST" time="46.817" errors="0">
  <testcase name="communicationAndMultimedia" time="46.817" classname="com.degreezenv6.qa.testcases.CommunicationAndMultimedia"/>
  <system-out/>
</testsuite> <!-- com.degreezenv6.qa.testcases.CommunicationAndMultimedia -->
