<?xml version="1.0" encoding="UTF-8"?>
<!-- Generated by org.testng.reporters.JUnitReportReporter -->
<testsuite skipped="0" hostname="LAPTOP-IFLMPRQ2" name="com.degreezenv8.qa.testcases.Program" tests="1" failures="0" timestamp="2022-06-02T18:16:02 IST" time="89.866" errors="0">
  <testcase name="program" time="89.866" classname="com.degreezenv8.qa.testcases.Program"/>
  <system-out/>
</testsuite> <!-- com.degreezenv8.qa.testcases.Program -->
