<?xml version="1.0" encoding="UTF-8"?>
<!-- Generated by org.testng.reporters.JUnitReportReporter -->
<testsuite skipped="0" hostname="LAPTOP-IFLMPRQ2" name="com.fitsyn.qa.testcases.RepresentativeRailOnePOSTAPIBelowAge" tests="2" failures="0" timestamp="2021-07-30T15:48:48 IST" time="18.002" errors="0">
  <testcase name="validData" time="4.872" classname="com.fitsyn.qa.testcases.RepresentativeRailOnePOSTAPIBelowAge"/>
  <system-out/>
  <testcase name="navigateAppListPage" time="13.130" classname="com.fitsyn.qa.testcases.RepresentativeRailOnePOSTAPIBelowAge"/>
  <system-out/>
</testsuite> <!-- com.fitsyn.qa.testcases.RepresentativeRailOnePOSTAPIBelowAge -->
