<?xml version="1.0" encoding="UTF-8"?>
<!-- Generated by org.testng.reporters.JUnitReportReporter -->
<testsuite skipped="0" hostname="LAPTOP-IFLMPRQ2" name="com.fitsyn.qa.multipletestcases.DelayResultsInpreOfferForRailOne" tests="6" failures="0" timestamp="2021-11-24T10:12:57 IST" time="375.827" errors="0">
  <testcase name="systemSettingPreOfferPageSeconds" time="24.796" classname="com.fitsyn.qa.multipletestcases.DelayResultsInpreOfferForRailOne"/>
  <system-out/>
  <testcase name="showPreofferAfterpageDropdowmMenu" time="15.989" classname="com.fitsyn.qa.multipletestcases.DelayResultsInpreOfferForRailOne"/>
  <system-out/>
  <testcase name="subaccountSettingRailOne" time="33.184" classname="com.fitsyn.qa.multipletestcases.DelayResultsInpreOfferForRailOne"/>
  <system-out/>
  <testcase name="createApplicationRailOneAfterPreOfferConfirmationPage" time="162.642" classname="com.fitsyn.qa.multipletestcases.DelayResultsInpreOfferForRailOne"/>
  <system-out/>
  <testcase name="showPreofferBeforepageDropdowmMenu" time="19.085" classname="com.fitsyn.qa.multipletestcases.DelayResultsInpreOfferForRailOne"/>
  <system-out/>
  <testcase name="createApplicationRailOneBeforePreOfferConfirmationPage" time="120.131" classname="com.fitsyn.qa.multipletestcases.DelayResultsInpreOfferForRailOne"/>
  <system-out/>
</testsuite> <!-- com.fitsyn.qa.multipletestcases.DelayResultsInpreOfferForRailOne -->
