<?xml version="1.0" encoding="UTF-8"?>
<!-- Generated by org.testng.reporters.JUnitReportReporter -->
<testsuite skipped="0" hostname="LAPTOP-IFLMPRQ2" name="com.fitsyn.qa.multipletestcases.DripLogicRVM" tests="3" failures="0" timestamp="2021-11-24T09:11:29 IST" time="246.730" errors="0">
  <testcase name="createRVMDripLogic" time="68.947" classname="com.fitsyn.qa.multipletestcases.DripLogicRVM"/>
  <system-out/>
  <testcase name="editandAddRVMDrip" time="90.340" classname="com.fitsyn.qa.multipletestcases.DripLogicRVM"/>
  <system-out/>
  <testcase name="startRVMdrip" time="87.443" classname="com.fitsyn.qa.multipletestcases.DripLogicRVM"/>
  <system-out/>
</testsuite> <!-- com.fitsyn.qa.multipletestcases.DripLogicRVM -->
