<?xml version="1.0" encoding="UTF-8"?>
<!-- Generated by org.testng.reporters.JUnitReportReporter -->
<testsuite skipped="0" hostname="LAPTOP-IFLMPRQ2" name="com.fitsyn.qa.testcases.RailOneApplicationAPIData" tests="3" failures="0" timestamp="2021-07-27T18:28:05 IST" time="65.821" errors="0">
  <testcase name="createApp" time="34.930" classname="com.fitsyn.qa.testcases.RailOneApplicationAPIData"/>
  <system-out/>
  <testcase name="validData" time="11.898" classname="com.fitsyn.qa.testcases.RailOneApplicationAPIData"/>
  <system-out/>
  <testcase name="submitform" time="18.993" classname="com.fitsyn.qa.testcases.RailOneApplicationAPIData"/>
  <system-out/>
</testsuite> <!-- com.fitsyn.qa.testcases.RailOneApplicationAPIData -->
