<?xml version="1.0" encoding="UTF-8"?>
<!-- Generated by org.testng.reporters.JUnitReportReporter -->
<testsuite skipped="0" hostname="LAPTOP-IFLMPRQ2" name="com.fitsyn.qa.testcases.SubaccountEmailSchedular" tests="3" failures="0" timestamp="2021-08-04T17:27:24 IST" time="84.509" errors="0">
  <testcase name="addSchedular" time="50.341" classname="com.fitsyn.qa.testcases.SubaccountEmailSchedular"/>
  <system-out/>
  <testcase name="editSchedular" time="13.582" classname="com.fitsyn.qa.testcases.SubaccountEmailSchedular"/>
  <system-out/>
  <testcase name="removeSchedular" time="20.586" classname="com.fitsyn.qa.testcases.SubaccountEmailSchedular"/>
  <system-out/>
</testsuite> <!-- com.fitsyn.qa.testcases.SubaccountEmailSchedular -->
