<?xml version="1.0" encoding="UTF-8"?>
<!-- Generated by org.testng.reporters.JUnitReportReporter -->
<testsuite skipped="0" hostname="LAPTOP-IFLMPRQ2" name="com.fitsyn.qa.multipletestcases.RepresentativeOptInProcessSpanishRailTwo" tests="2" failures="0" timestamp="2021-11-24T09:11:29 IST" time="145.778" errors="0">
  <testcase name="createRepresentativeApplicationSpanishRailTwo" time="123.870" classname="com.fitsyn.qa.multipletestcases.RepresentativeOptInProcessSpanishRailTwo"/>
  <system-out/>
  <testcase name="switchBackAdimPage" time="21.908" classname="com.fitsyn.qa.multipletestcases.RepresentativeOptInProcessSpanishRailTwo"/>
  <system-out/>
</testsuite> <!-- com.fitsyn.qa.multipletestcases.RepresentativeOptInProcessSpanishRailTwo -->
