<?xml version="1.0" encoding="UTF-8"?>
<!-- Generated by org.testng.reporters.JUnitReportReporter -->
<testsuite skipped="0" hostname="LAPTOP-IFLMPRQ2" name="com.fitsyn.qa.multipletestcases.LenderOfferLimitRailOne" tests="5" failures="0" timestamp="2021-11-24T09:11:29 IST" time="310.609" errors="0">
  <testcase name="systemSettingLimitOffersPerLenderOfferLimit1" time="24.251" classname="com.fitsyn.qa.multipletestcases.LenderOfferLimitRailOne"/>
  <system-out/>
  <testcase name="subaccountSettingRailOne" time="29.018" classname="com.fitsyn.qa.multipletestcases.LenderOfferLimitRailOne"/>
  <system-out/>
  <testcase name="createApplicationRailOneLimitoffer1" time="130.223" classname="com.fitsyn.qa.multipletestcases.LenderOfferLimitRailOne"/>
  <system-out/>
  <testcase name="systemSettingLimitOffer2" time="17.116" classname="com.fitsyn.qa.multipletestcases.LenderOfferLimitRailOne"/>
  <system-out/>
  <testcase name="CreateApplicationLimitOffer2" time="110.001" classname="com.fitsyn.qa.multipletestcases.LenderOfferLimitRailOne"/>
  <system-out/>
</testsuite> <!-- com.fitsyn.qa.multipletestcases.LenderOfferLimitRailOne -->
