<?xml version="1.0" encoding="UTF-8"?>
<!-- Generated by org.testng.reporters.JUnitReportReporter -->
<testsuite skipped="0" hostname="LAPTOP-IFLMPRQ2" name="com.fitsyn.qa.multipletestcases.LenderOfferLimitRailTwo" tests="5" failures="0" timestamp="2021-11-24T09:11:29 IST" time="376.423" errors="0">
  <testcase name="systemSettingLimitOffer1" time="17.461" classname="com.fitsyn.qa.multipletestcases.LenderOfferLimitRailTwo"/>
  <system-out/>
  <testcase name="subaccountSettingRailTwo" time="29.045" classname="com.fitsyn.qa.multipletestcases.LenderOfferLimitRailTwo"/>
  <system-out/>
  <testcase name="createApplicationRailTwoLimitoffer1" time="193.396" classname="com.fitsyn.qa.multipletestcases.LenderOfferLimitRailTwo"/>
  <system-out/>
  <testcase name="systemSettingLimitOffer2" time="22.267" classname="com.fitsyn.qa.multipletestcases.LenderOfferLimitRailTwo"/>
  <system-out/>
  <testcase name="createApplicationRailTwoLimitoffer2" time="114.254" classname="com.fitsyn.qa.multipletestcases.LenderOfferLimitRailTwo"/>
  <system-out/>
</testsuite> <!-- com.fitsyn.qa.multipletestcases.LenderOfferLimitRailTwo -->
