<?xml version="1.0" encoding="UTF-8"?>
<!-- Generated by org.testng.reporters.JUnitReportReporter -->
<testsuite skipped="0" hostname="LAPTOP-IFLMPRQ2" name="com.fitsyn.qa.testcases.RepresentativeRailOnePOSTAPIAboveAge" tests="4" failures="0" timestamp="2021-08-09T16:55:01 IST" time="81.723" errors="0">
  <testcase name="searchRepresentative" time="30.040" classname="com.fitsyn.qa.testcases.RepresentativeRailOnePOSTAPIAboveAge"/>
  <system-out/>
  <testcase name="validData" time="5.024" classname="com.fitsyn.qa.testcases.RepresentativeRailOnePOSTAPIAboveAge"/>
  <system-out/>
  <testcase name="submitform" time="36.933" classname="com.fitsyn.qa.testcases.RepresentativeRailOnePOSTAPIAboveAge"/>
  <system-out/>
  <testcase name="switchBackAdmin" time="9.726" classname="com.fitsyn.qa.testcases.RepresentativeRailOnePOSTAPIAboveAge"/>
  <system-out/>
</testsuite> <!-- com.fitsyn.qa.testcases.RepresentativeRailOnePOSTAPIAboveAge -->
