<?xml version="1.0" encoding="UTF-8"?>
<!-- Generated by org.testng.reporters.JUnitReportReporter -->
<testsuite skipped="0" hostname="LAPTOP-IFLMPRQ2" name="com.fitsyn.qa.multipletestcases.RepresentativeCreateApplicationOptInProcessRailOne" tests="3" failures="0" timestamp="2021-11-24T09:11:29 IST" time="233.031" errors="0">
  <testcase name="subaccountSettingRailOne" time="35.429" classname="com.fitsyn.qa.multipletestcases.RepresentativeCreateApplicationOptInProcessRailOne"/>
  <system-out/>
  <testcase name="searchRepresentativeInUserListPage" time="33.328" classname="com.fitsyn.qa.multipletestcases.RepresentativeCreateApplicationOptInProcessRailOne"/>
  <system-out/>
  <testcase name="createRepresentativeApplicationRailOneOptin" time="164.274" classname="com.fitsyn.qa.multipletestcases.RepresentativeCreateApplicationOptInProcessRailOne"/>
  <system-out/>
</testsuite> <!-- com.fitsyn.qa.multipletestcases.RepresentativeCreateApplicationOptInProcessRailOne -->
