<?xml version="1.0" encoding="UTF-8"?>
<!-- Generated by org.testng.reporters.JUnitReportReporter -->
<testsuite skipped="0" hostname="LAPTOP-IFLMPRQ2" name="com.fitsyn.qa.multipletestcases.Dialer" tests="2" failures="0" timestamp="2021-11-24T09:11:29 IST" time="100.348" errors="0">
  <testcase name="searchManager" time="19.612" classname="com.fitsyn.qa.multipletestcases.Dialer"/>
  <system-out/>
  <testcase name="Dialer" time="80.736" classname="com.fitsyn.qa.multipletestcases.Dialer"/>
  <system-out/>
</testsuite> <!-- com.fitsyn.qa.multipletestcases.Dialer -->
