<?xml version="1.0" encoding="UTF-8"?>
<!-- Generated by org.testng.reporters.JUnitReportReporter -->
<testsuite skipped="0" hostname="LAPTOP-IFLMPRQ2" name="com.fitsyn.qa.testcases.ValidCoApplicantInvalidApplicant" tests="1" failures="0" timestamp="2021-08-06T17:35:51 IST" time="159.094" errors="0">
  <testcase name="fillForm" time="159.094" classname="com.fitsyn.qa.testcases.ValidCoApplicantInvalidApplicant"/>
  <system-out/>
</testsuite> <!-- com.fitsyn.qa.testcases.ValidCoApplicantInvalidApplicant -->
