<?xml version="1.0" encoding="UTF-8"?>
<!-- Generated by org.testng.reporters.JUnitReportReporter -->
<testsuite skipped="0" hostname="LAPTOP-IFLMPRQ2" name="com.fitsyn.qa.testcases.DripLogic" tests="3" failures="0" timestamp="2021-11-24T10:12:57 IST" time="225.243" errors="0">
  <testcase name="createDripLogic" time="61.289" classname="com.fitsyn.qa.testcases.DripLogic"/>
  <system-out/>
  <testcase name="editandAddSMSDrip" time="78.817" classname="com.fitsyn.qa.testcases.DripLogic"/>
  <system-out/>
  <testcase name="startdrip" time="85.137" classname="com.fitsyn.qa.testcases.DripLogic"/>
  <system-out/>
</testsuite> <!-- com.fitsyn.qa.testcases.DripLogic -->
