<?xml version="1.0" encoding="UTF-8"?>
<!-- Generated by org.testng.reporters.JUnitReportReporter -->
<testsuite skipped="0" hostname="LAPTOP-IFLMPRQ2" name="com.fitsyn.qa.testcases.LenderOfferLimit" tests="2" failures="0" timestamp="2021-07-29T16:33:15 IST" time="139.893" errors="0">
  <testcase name="systemSettingLimit" time="28.365" classname="com.fitsyn.qa.testcases.LenderOfferLimit"/>
  <system-out/>
  <testcase name="fillForms" time="111.528" classname="com.fitsyn.qa.testcases.LenderOfferLimit"/>
  <system-out/>
</testsuite> <!-- com.fitsyn.qa.testcases.LenderOfferLimit -->
