<?xml version="1.0" encoding="UTF-8"?>
<!-- Generated by org.testng.reporters.JUnitReportReporter -->
<testsuite skipped="0" hostname="LAPTOP-IFLMPRQ2" name="com.fitsyn.qa.testcases.EmailTemplate" tests="1" failures="0" timestamp="2021-07-15T18:19:38 IST" time="36.189" errors="0">
  <testcase name="createEmailtemplate" time="36.189" classname="com.fitsyn.qa.testcases.EmailTemplate"/>
  <system-out/>
</testsuite> <!-- com.fitsyn.qa.testcases.EmailTemplate -->
