<?xml version="1.0" encoding="UTF-8"?>
<!-- Generated by org.testng.reporters.JUnitReportReporter -->
<testsuite skipped="0" hostname="LAPTOP-IFLMPRQ2" name="com.fitsyn.qa.multipletestcases.CreditCardReportPublicFormJointApplication" tests="2" failures="0" timestamp="2021-11-24T09:11:29 IST" time="220.250" errors="0">
  <testcase name="subaccountSettingRailTwo" time="32.683" classname="com.fitsyn.qa.multipletestcases.CreditCardReportPublicFormJointApplication"/>
  <system-out/>
  <testcase name="publicFormCreateApplicationRailTwoCreditReport" time="187.567" classname="com.fitsyn.qa.multipletestcases.CreditCardReportPublicFormJointApplication"/>
  <system-out/>
</testsuite> <!-- com.fitsyn.qa.multipletestcases.CreditCardReportPublicFormJointApplication -->
