<?xml version="1.0" encoding="UTF-8"?>
<!-- Generated by org.testng.reporters.JUnitReportReporter -->
<testsuite skipped="0" hostname="LAPTOP-IFLMPRQ2" name="com.fitsyn.qa.multipletestcases.AutoRedirectToBestOfferRailOne" tests="3" failures="0" timestamp="2021-11-24T09:11:29 IST" time="188.578" errors="0">
  <testcase name="systemSettingRedirectingToBestOffer" time="25.497" classname="com.fitsyn.qa.multipletestcases.AutoRedirectToBestOfferRailOne"/>
  <system-out/>
  <testcase name="subAccountSettingRailOne" time="38.149" classname="com.fitsyn.qa.multipletestcases.AutoRedirectToBestOfferRailOne"/>
  <system-out/>
  <testcase name="createApplicationRailOneRedirectToBestOffer" time="124.932" classname="com.fitsyn.qa.multipletestcases.AutoRedirectToBestOfferRailOne"/>
  <system-out/>
</testsuite> <!-- com.fitsyn.qa.multipletestcases.AutoRedirectToBestOfferRailOne -->
