<?xml version="1.0" encoding="UTF-8"?>
<!-- Generated by org.testng.reporters.JUnitReportReporter -->
<testsuite skipped="0" hostname="LAPTOP-IFLMPRQ2" name="com.fitsyn.qa.multipletestcases.RepresentativeOptInprocessSpanishRailOne" tests="2" failures="0" timestamp="2021-11-24T09:11:29 IST" time="141.648" errors="0">
  <testcase name="createRepresentativeApplicationSpanishRailOne" time="129.101" classname="com.fitsyn.qa.multipletestcases.RepresentativeOptInprocessSpanishRailOne"/>
  <system-out/>
  <testcase name="switchBackAdminPage" time="12.547" classname="com.fitsyn.qa.multipletestcases.RepresentativeOptInprocessSpanishRailOne"/>
  <system-out/>
</testsuite> <!-- com.fitsyn.qa.multipletestcases.RepresentativeOptInprocessSpanishRailOne -->
