<?xml version="1.0" encoding="UTF-8"?>
<!-- Generated by org.testng.reporters.JUnitReportReporter -->
<testsuite skipped="0" hostname="LAPTOP-IFLMPRQ2" name="com.fitsyn.qa.testcases.Login" tests="2" failures="0" timestamp="2021-08-17T18:01:14 IST" time="10.916" errors="0">
  <testcase name="loginApp" time="5.495" classname="com.fitsyn.qa.testcases.Login"/>
  <system-out/>
  <testcase name="loginApp" time="5.421" classname="com.fitsyn.qa.testcases.Login"/>
  <system-out/>
</testsuite> <!-- com.fitsyn.qa.testcases.Login -->
