<?xml version="1.0" encoding="UTF-8"?>
<!-- Generated by org.testng.reporters.JUnitReportReporter -->
<testsuite skipped="0" hostname="LAPTOP-IFLMPRQ2" name="com.fitsyn.qa.testcases.NFBoardJointApplication" tests="2" failures="0" timestamp="2021-08-06T15:37:17 IST" time="103.228" errors="0">
  <testcase name="fillForm" time="77.489" classname="com.fitsyn.qa.testcases.NFBoardJointApplication"/>
  <system-out/>
  <testcase name="appHistory" time="25.739" classname="com.fitsyn.qa.testcases.NFBoardJointApplication"/>
  <system-out/>
</testsuite> <!-- com.fitsyn.qa.testcases.NFBoardJointApplication -->
