<?xml version="1.0" encoding="UTF-8"?>
<!-- Generated by org.testng.reporters.JUnitReportReporter -->
<testsuite skipped="0" hostname="LAPTOP-IFLMPRQ2" name="com.fitsyn.qa.multipletestcases.RepresentativeCreateApplicationOptInRailTwo" tests="3" failures="0" timestamp="2021-11-24T09:11:29 IST" time="205.853" errors="0">
  <testcase name="subaccountSettingRailTwo" time="33.777" classname="com.fitsyn.qa.multipletestcases.RepresentativeCreateApplicationOptInRailTwo"/>
  <system-out/>
  <testcase name="searchRepresentativeInUserList" time="51.653" classname="com.fitsyn.qa.multipletestcases.RepresentativeCreateApplicationOptInRailTwo"/>
  <system-out/>
  <testcase name="CreateRepresentativeApplicationOptInRailTwo" time="120.423" classname="com.fitsyn.qa.multipletestcases.RepresentativeCreateApplicationOptInRailTwo"/>
  <system-out/>
</testsuite> <!-- com.fitsyn.qa.multipletestcases.RepresentativeCreateApplicationOptInRailTwo -->
