<?xml version="1.0" encoding="UTF-8"?>
<!-- Generated by org.testng.reporters.JUnitReportReporter -->
<testsuite skipped="0" hostname="LAPTOP-IFLMPRQ2" name="com.fitsyn.qa.multipletestcases.AddCustomLenderOffers" tests="1" failures="0" timestamp="2021-11-24T09:11:29 IST" time="233.761" errors="0">
  <testcase name="addCustomLenderOffers" time="233.761" classname="com.fitsyn.qa.multipletestcases.AddCustomLenderOffers"/>
  <system-out/>
</testsuite> <!-- com.fitsyn.qa.multipletestcases.AddCustomLenderOffers -->
