<?xml version="1.0" encoding="UTF-8"?>
<!-- Generated by org.testng.reporters.JUnitReportReporter -->
<testsuite skipped="0" hostname="LAPTOP-IFLMPRQ2" name="com.degreezenv7.qa.testcases.Program" tests="1" failures="0" timestamp="2022-06-06T12:44:04 IST" time="66.354" errors="0">
  <testcase name="program" time="66.354" classname="com.degreezenv7.qa.testcases.Program"/>
  <system-out/>
</testsuite> <!-- com.degreezenv7.qa.testcases.Program -->
