<?xml version="1.0" encoding="UTF-8"?>
<!-- Generated by org.testng.reporters.JUnitReportReporter -->
<testsuite skipped="0" hostname="LAPTOP-IFLMPRQ2" name="com.degreezenv6.qa.testcases.CosmetologyAndBeauty" tests="1" failures="0" timestamp="2022-05-23T17:54:46 IST" time="48.038" errors="0">
  <testcase name="cosmetologyAndBeauty" time="48.038" classname="com.degreezenv6.qa.testcases.CosmetologyAndBeauty"/>
  <system-out/>
</testsuite> <!-- com.degreezenv6.qa.testcases.CosmetologyAndBeauty -->
