<?xml version="1.0" encoding="UTF-8"?>
<!-- Generated by org.testng.reporters.JUnitReportReporter -->
<testsuite skipped="0" hostname="LAPTOP-IFLMPRQ2" name="com.fitsyn.qa.testcases.RailTwoApplicationAPIInvalidData" tests="2" failures="0" timestamp="2021-07-27T16:48:28 IST" time="9.612" errors="0">
  <testcase name="inValidData" time="2.369" classname="com.fitsyn.qa.testcases.RailTwoApplicationAPIInvalidData"/>
  <system-out/>
  <testcase name="navigateAppListPage" time="7.243" classname="com.fitsyn.qa.testcases.RailTwoApplicationAPIInvalidData"/>
  <system-out/>
</testsuite> <!-- com.fitsyn.qa.testcases.RailTwoApplicationAPIInvalidData -->
