<?xml version="1.0" encoding="UTF-8"?>
<!-- Generated by org.testng.reporters.JUnitReportReporter -->
<testsuite skipped="0" hostname="LAPTOP-IFLMPRQ2" name="com.fitsyn.qa.multipletestcases.CreditCardReportPublicFormIndividualApplication" tests="2" failures="0" timestamp="2021-11-24T09:11:29 IST" time="205.438" errors="0">
  <testcase name="subaccountSettingRailOne" time="33.241" classname="com.fitsyn.qa.multipletestcases.CreditCardReportPublicFormIndividualApplication"/>
  <system-out/>
  <testcase name="publicFormCreateApplicationRailOneCreditReport" time="172.197" classname="com.fitsyn.qa.multipletestcases.CreditCardReportPublicFormIndividualApplication"/>
  <system-out/>
</testsuite> <!-- com.fitsyn.qa.multipletestcases.CreditCardReportPublicFormIndividualApplication -->
