<?xml version="1.0" encoding="UTF-8"?>
<!-- Generated by org.testng.reporters.JUnitReportReporter -->
<testsuite skipped="0" hostname="LAPTOP-IFLMPRQ2" name="com.fitsyn.qa.testcases.PublicFormIndividualApplicationRailOneTestacse3" tests="1" failures="0" timestamp="2021-08-10T10:25:20 IST" time="179.394" errors="0">
  <testcase name="publicForm" time="179.394" classname="com.fitsyn.qa.testcases.PublicFormIndividualApplicationRailOneTestacse3"/>
  <system-out/>
</testsuite> <!-- com.fitsyn.qa.testcases.PublicFormIndividualApplicationRailOneTestacse3 -->
