<?xml version="1.0" encoding="UTF-8"?>
<!-- Generated by org.testng.reporters.JUnitReportReporter -->
<testsuite skipped="0" hostname="LAPTOP-IFLMPRQ2" name="com.degreezenv2.qa.testcases.Program" tests="1" failures="0" timestamp="2022-06-07T14:39:53 IST" time="67.035" errors="0">
  <testcase name="program" time="67.035" classname="com.degreezenv2.qa.testcases.Program"/>
  <system-out/>
</testsuite> <!-- com.degreezenv2.qa.testcases.Program -->
