<?xml version="1.0" encoding="UTF-8"?>
<!-- Generated by org.testng.reporters.JUnitReportReporter -->
<testsuite skipped="0" hostname="LAPTOP-IFLMPRQ2" name="com.fitsyn.qa.testcases.SelectPurgeButtoninApplicationlistpage" tests="2" failures="0" timestamp="2021-11-24T09:11:29 IST" time="152.042" errors="0">
  <testcase name="purgebutton" time="16.013" classname="com.fitsyn.qa.testcases.SelectPurgeButtoninApplicationlistpage"/>
  <system-out/>
  <testcase name="statusStageMap" time="136.029" classname="com.fitsyn.qa.testcases.SelectPurgeButtoninApplicationlistpage"/>
  <system-out/>
</testsuite> <!-- com.fitsyn.qa.testcases.SelectPurgeButtoninApplicationlistpage -->
