<?xml version="1.0" encoding="UTF-8"?>
<!-- Generated by org.testng.reporters.JUnitReportReporter -->
<testsuite skipped="0" hostname="LAPTOP-IFLMPRQ2" name="com.degreezenv6.qa.testcases.Psychology" tests="1" failures="0" timestamp="2022-05-24T11:21:57 IST" time="46.157" errors="0">
  <testcase name="psychology" time="46.157" classname="com.degreezenv6.qa.testcases.Psychology"/>
  <system-out/>
</testsuite> <!-- com.degreezenv6.qa.testcases.Psychology -->
