<?xml version="1.0" encoding="UTF-8"?>
<!-- Generated by org.testng.reporters.JUnitReportReporter -->
<testsuite skipped="0" hostname="LAPTOP-IFLMPRQ2" name="com.degreezenv1.qa.testcases.BusinessForm" tests="1" failures="0" timestamp="2022-03-14T15:57:25 IST" time="42.899" errors="0">
  <testcase name="businessForm" time="42.899" classname="com.degreezenv1.qa.testcases.BusinessForm"/>
  <system-out/>
</testsuite> <!-- com.degreezenv1.qa.testcases.BusinessForm -->
