<?xml version="1.0" encoding="UTF-8"?>
<!-- Generated by org.testng.reporters.JUnitReportReporter -->
<testsuite skipped="0" hostname="LAPTOP-IFLMPRQ2" name="com.degreezen.qa.testcases.ArtAndDesignProgramForm" tests="1" failures="0" timestamp="2022-03-14T17:18:32 IST" time="61.966" errors="0">
  <testcase name="artDesignForm" time="61.966" classname="com.degreezen.qa.testcases.ArtAndDesignProgramForm"/>
  <system-out/>
</testsuite> <!-- com.degreezen.qa.testcases.ArtAndDesignProgramForm -->
