<?xml version="1.0" encoding="UTF-8"?>
<!-- Generated by org.testng.reporters.JUnitReportReporter -->
<testsuite skipped="0" hostname="LAPTOP-IFLMPRQ2" name="com.degreezenv6.qa.testcases.BusinessForm" tests="1" failures="0" timestamp="2022-05-23T15:50:24 IST" time="48.980" errors="0">
  <testcase name="businessForm" time="48.980" classname="com.degreezenv6.qa.testcases.BusinessForm"/>
  <system-out/>
</testsuite> <!-- com.degreezenv6.qa.testcases.BusinessForm -->
