<?xml version="1.0" encoding="UTF-8"?>
<!-- Generated by org.testng.reporters.JUnitReportReporter -->
<testsuite skipped="0" hostname="LAPTOP-IFLMPRQ2" name="com.fitsyn.qa.testcases.RVMCallerID" tests="1" failures="0" timestamp="2021-07-14T20:11:37 IST" time="29.087" errors="0">
  <testcase name="createCallerID" time="29.087" classname="com.fitsyn.qa.testcases.RVMCallerID"/>
  <system-out/>
</testsuite> <!-- com.fitsyn.qa.testcases.RVMCallerID -->
