<?xml version="1.0" encoding="UTF-8"?>
<!-- Generated by org.testng.reporters.JUnitReportReporter -->
<testsuite skipped="0" hostname="LAPTOP-IFLMPRQ2" name="com.degreezenv1.qa.testcases.CosmetologyAndBeauty" tests="1" failures="0" timestamp="2022-05-18T13:00:24 IST" time="44.478" errors="0">
  <testcase name="cosmetologyAndBeauty" time="44.478" classname="com.degreezenv1.qa.testcases.CosmetologyAndBeauty"/>
  <system-out/>
</testsuite> <!-- com.degreezenv1.qa.testcases.CosmetologyAndBeauty -->
