<?xml version="1.0" encoding="UTF-8"?>
<!-- Generated by org.testng.reporters.JUnitReportReporter -->
<testsuite skipped="0" hostname="LAPTOP-IFLMPRQ2" name="com.degreezenv1.qa.testcases.LegalProfessionals" tests="1" failures="0" timestamp="2022-05-18T12:33:10 IST" time="71.599" errors="0">
  <testcase name="legalProfessionals" time="71.599" classname="com.degreezenv1.qa.testcases.LegalProfessionals"/>
  <system-out/>
</testsuite> <!-- com.degreezenv1.qa.testcases.LegalProfessionals -->
