<?xml version="1.0" encoding="UTF-8"?>
<!-- Generated by org.testng.reporters.JUnitReportReporter -->
<testsuite skipped="0" hostname="LAPTOP-IFLMPRQ2" name="com.degreezenv6.qa.testcases.ComputersAndITForm" tests="1" failures="0" timestamp="2022-05-23T17:42:11 IST" time="48.668" errors="0">
  <testcase name="computersAndITForm" time="48.668" classname="com.degreezenv6.qa.testcases.ComputersAndITForm"/>
  <system-out/>
</testsuite> <!-- com.degreezenv6.qa.testcases.ComputersAndITForm -->
