<?xml version="1.0" encoding="UTF-8"?>
<!-- Generated by org.testng.reporters.JUnitReportReporter -->
<testsuite skipped="0" hostname="LAPTOP-IFLMPRQ2" name="com.fitsyn.qa.testcases.RailTwoApplicationAPIDataRun" tests="2" failures="0" timestamp="2021-11-24T09:11:29 IST" time="27.079" errors="0">
  <testcase name="createApplicationRailTwoPOSTAPI" time="5.011" classname="com.fitsyn.qa.testcases.RailTwoApplicationAPIDataRun"/>
  <system-out/>
  <testcase name="clickRunButtonApplicationListPage" time="22.068" classname="com.fitsyn.qa.testcases.RailTwoApplicationAPIDataRun"/>
  <system-out/>
</testsuite> <!-- com.fitsyn.qa.testcases.RailTwoApplicationAPIDataRun -->
