<?xml version="1.0" encoding="UTF-8"?>
<!-- Generated by org.testng.reporters.JUnitReportReporter -->
<testsuite skipped="0" hostname="LAPTOP-IFLMPRQ2" name="com.fitsyn.qa.testcases.RailTwoApplictionAPIDataSubmit" tests="3" failures="0" timestamp="2021-11-24T09:11:29 IST" time="57.214" errors="0">
  <testcase name="createApp" time="35.109" classname="com.fitsyn.qa.testcases.RailTwoApplictionAPIDataSubmit"/>
  <system-out/>
  <testcase name="createApplicationRailTwoPOSTAPI" time="3.741" classname="com.fitsyn.qa.testcases.RailTwoApplictionAPIDataSubmit"/>
  <system-out/>
  <testcase name="clickSubmitButtonApplicationListPage" time="18.364" classname="com.fitsyn.qa.testcases.RailTwoApplictionAPIDataSubmit"/>
  <system-out/>
</testsuite> <!-- com.fitsyn.qa.testcases.RailTwoApplictionAPIDataSubmit -->
