<?xml version="1.0" encoding="UTF-8"?>
<!-- Generated by org.testng.reporters.JUnitReportReporter -->
<testsuite skipped="0" hostname="LAPTOP-IFLMPRQ2" name="com.fitsyn.qa.multipletestcases.PublicFormJointApplication" tests="2" failures="0" timestamp="2021-08-24T23:34:21 IST" time="205.213" errors="0">
  <testcase name="createApp" time="25.218" classname="com.fitsyn.qa.multipletestcases.PublicFormJointApplication"/>
  <system-out/>
  <testcase name="fillForm" time="179.995" classname="com.fitsyn.qa.multipletestcases.PublicFormJointApplication"/>
  <system-out/>
</testsuite> <!-- com.fitsyn.qa.multipletestcases.PublicFormJointApplication -->
