<?xml version="1.0" encoding="UTF-8"?>
<!-- Generated by org.testng.reporters.JUnitReportReporter -->
<testsuite skipped="0" hostname="LAPTOP-IFLMPRQ2" name="com.fitsyn.qa.testcases.UsersListPage" tests="3" failures="0" timestamp="2021-07-27T19:22:03 IST" time="57.761" errors="0">
  <testcase name="userList6" time="26.851" classname="com.fitsyn.qa.testcases.UsersListPage"/>
  <system-out/>
  <testcase name="userList7" time="15.491" classname="com.fitsyn.qa.testcases.UsersListPage"/>
  <system-out/>
  <testcase name="userList8" time="15.419" classname="com.fitsyn.qa.testcases.UsersListPage"/>
  <system-out/>
</testsuite> <!-- com.fitsyn.qa.testcases.UsersListPage -->
