<?xml version="1.0" encoding="UTF-8"?>
<!-- Generated by org.testng.reporters.JUnitReportReporter -->
<testsuite skipped="0" hostname="LAPTOP-IFLMPRQ2" name="com.fitsyn.qa.multipletestcases.PublicFormCreditCardApplicationRailOne" tests="2" failures="0" timestamp="2021-08-23T19:54:02 IST" time="111.122" errors="0">
  <testcase name="createApp" time="26.366" classname="com.fitsyn.qa.multipletestcases.PublicFormCreditCardApplicationRailOne"/>
  <system-out/>
  <testcase name="publicForm" time="84.756" classname="com.fitsyn.qa.multipletestcases.PublicFormCreditCardApplicationRailOne"/>
  <system-out/>
</testsuite> <!-- com.fitsyn.qa.multipletestcases.PublicFormCreditCardApplicationRailOne -->
