<?xml version="1.0" encoding="UTF-8"?>
<!-- Generated by org.testng.reporters.JUnitReportReporter -->
<testsuite skipped="0" hostname="LAPTOP-IFLMPRQ2" name="com.fitsyn.qa.testcases.InSchedularSideMenuApplicantEmailSchedular" tests="2" failures="0" timestamp="2021-08-05T15:55:55 IST" time="84.651" errors="0">
  <testcase name="addSchedularOfferClicked" time="61.418" classname="com.fitsyn.qa.testcases.InSchedularSideMenuApplicantEmailSchedular"/>
  <system-out/>
  <testcase name="editSchedular" time="23.233" classname="com.fitsyn.qa.testcases.InSchedularSideMenuApplicantEmailSchedular"/>
  <system-out/>
</testsuite> <!-- com.fitsyn.qa.testcases.InSchedularSideMenuApplicantEmailSchedular -->
