<?xml version="1.0" encoding="UTF-8"?>
<!-- Generated by org.testng.reporters.JUnitReportReporter -->
<testsuite skipped="0" hostname="LAPTOP-IFLMPRQ2" name="com.fitsyn.qa.testcases.MultipleUsers" tests="3" failures="0" timestamp="2021-07-28T19:13:18 IST" time="39.033" errors="0">
  <testcase name="searchUsersByName" time="18.879" classname="com.fitsyn.qa.testcases.MultipleUsers"/>
  <system-out/>
  <testcase name="searchUsersByRole" time="10.310" classname="com.fitsyn.qa.testcases.MultipleUsers"/>
  <system-out/>
  <testcase name="searchUsersByNumber" time="9.844" classname="com.fitsyn.qa.testcases.MultipleUsers"/>
  <system-out/>
</testsuite> <!-- com.fitsyn.qa.testcases.MultipleUsers -->
