<?xml version="1.0" encoding="UTF-8"?>
<!-- Generated by org.testng.reporters.JUnitReportReporter -->
<testsuite skipped="0" hostname="LAPTOP-IFLMPRQ2" name="com.fitsyn.qa.testcases.InSchedularSideMenuSubaccountEmailSchedular" tests="1" failures="0" timestamp="2021-08-05T16:12:41 IST" time="39.672" errors="0">
  <testcase name="addSchedular" time="39.672" classname="com.fitsyn.qa.testcases.InSchedularSideMenuSubaccountEmailSchedular"/>
  <system-out/>
</testsuite> <!-- com.fitsyn.qa.testcases.InSchedularSideMenuSubaccountEmailSchedular -->
