<?xml version="1.0" encoding="UTF-8"?>
<!-- Generated by org.testng.reporters.JUnitReportReporter -->
<testsuite skipped="0" hostname="LAPTOP-IFLMPRQ2" name="com.fitsyn.qa.testcases.AffiliateActionDropdownOptions" tests="1" failures="0" timestamp="2021-08-04T12:00:58 IST" time="24.148" errors="0">
  <testcase name="accountSearch" time="24.148" classname="com.fitsyn.qa.testcases.AffiliateActionDropdownOptions"/>
  <system-out/>
</testsuite> <!-- com.fitsyn.qa.testcases.AffiliateActionDropdownOptions -->
