<?xml version="1.0" encoding="UTF-8"?>
<!-- Generated by org.testng.reporters.JUnitReportReporter -->
<testsuite skipped="0" hostname="LAPTOP-IFLMPRQ2" name="com.fitsyn.qa.testcases.RailOneApplicationAPIDataSubmit" tests="3" failures="0" timestamp="2021-11-24T09:11:29 IST" time="75.544" errors="0">
  <testcase name="createApp" time="36.365" classname="com.fitsyn.qa.testcases.RailOneApplicationAPIDataSubmit"/>
  <system-out/>
  <testcase name="createApplicationRailOnePOSTAPI" time="10.819" classname="com.fitsyn.qa.testcases.RailOneApplicationAPIDataSubmit"/>
  <system-out/>
  <testcase name="clickSubmitButtonApplicationListPage" time="28.360" classname="com.fitsyn.qa.testcases.RailOneApplicationAPIDataSubmit"/>
  <system-out/>
</testsuite> <!-- com.fitsyn.qa.testcases.RailOneApplicationAPIDataSubmit -->
