<?xml version="1.0" encoding="UTF-8"?>
<!-- Generated by org.testng.reporters.JUnitReportReporter -->
<testsuite skipped="0" hostname="LAPTOP-IFLMPRQ2" name="com.degreezenv6.qa.testcases.Trades" tests="1" failures="0" timestamp="2022-05-24T11:41:24 IST" time="45.572" errors="0">
  <testcase name="trades" time="45.572" classname="com.degreezenv6.qa.testcases.Trades"/>
  <system-out/>
</testsuite> <!-- com.degreezenv6.qa.testcases.Trades -->
