<?xml version="1.0" encoding="UTF-8"?>
<!-- Generated by org.testng.reporters.JUnitReportReporter -->
<testsuite skipped="0" hostname="LAPTOP-IFLMPRQ2" name="com.fitsyn.qa.testcases.RailTwoBeforepreofferprocesswithoptinprocess" tests="2" failures="0" timestamp="2021-08-31T12:06:19 IST" time="148.219" errors="0">
  <testcase name="showPreofferBeforepageDropdowmMenu" time="19.913" classname="com.fitsyn.qa.testcases.RailTwoBeforepreofferprocesswithoptinprocess"/>
  <system-out/>
  <testcase name="createApplicationRailTwoBeforePreOfferConfirmationPage" time="128.306" classname="com.fitsyn.qa.testcases.RailTwoBeforepreofferprocesswithoptinprocess"/>
  <system-out/>
</testsuite> <!-- com.fitsyn.qa.testcases.RailTwoBeforepreofferprocesswithoptinprocess -->
