<?xml version="1.0" encoding="UTF-8"?>
<!-- Generated by org.testng.reporters.JUnitReportReporter -->
<testsuite skipped="0" hostname="LAPTOP-IFLMPRQ2" name="com.degreezenv2.qa.testcases.ArtAndDesignProgram" tests="1" failures="0" timestamp="2022-06-23T11:46:25 IST" time="83.078" errors="0">
  <testcase name="artDesign" time="83.078" classname="com.degreezenv2.qa.testcases.ArtAndDesignProgram"/>
  <system-out/>
</testsuite> <!-- com.degreezenv2.qa.testcases.ArtAndDesignProgram -->
