<?xml version="1.0" encoding="UTF-8"?>
<!-- Generated by org.testng.reporters.JUnitReportReporter -->
<testsuite skipped="0" hostname="LAPTOP-IFLMPRQ2" name="com.fitsyn.qa.testcases.RepresentativeCreateApplicationOptInProcess" tests="1" failures="0" timestamp="2021-07-30T14:28:10 IST" time="43.443" errors="0">
  <testcase name="fillForm" time="43.443" classname="com.fitsyn.qa.testcases.RepresentativeCreateApplicationOptInProcess"/>
  <system-out/>
</testsuite> <!-- com.fitsyn.qa.testcases.RepresentativeCreateApplicationOptInProcess -->
