<?xml version="1.0" encoding="UTF-8"?>
<!-- Generated by org.testng.reporters.JUnitReportReporter -->
<testsuite skipped="0" hostname="LAPTOP-IFLMPRQ2" name="com.fitsyn.qa.testcases.RailOneAPIAboveHunderedData" tests="2" failures="0" timestamp="2021-07-27T16:40:36 IST" time="29.233" errors="0">
  <testcase name="InvalidEmail" time="5.856" classname="com.fitsyn.qa.testcases.RailOneAPIAboveHunderedData"/>
  <system-out/>
  <testcase name="submitform" time="23.377" classname="com.fitsyn.qa.testcases.RailOneAPIAboveHunderedData"/>
  <system-out/>
</testsuite> <!-- com.fitsyn.qa.testcases.RailOneAPIAboveHunderedData -->
