<?xml version="1.0" encoding="UTF-8"?>
<!-- Generated by org.testng.reporters.JUnitReportReporter -->
<testsuite skipped="0" hostname="LAPTOP-IFLMPRQ2" name="com.degreezenv6.qa.testcases.MassageTherapy" tests="1" failures="0" timestamp="2022-05-24T10:58:49 IST" time="45.996" errors="0">
  <testcase name="massageTherapy" time="45.996" classname="com.degreezenv6.qa.testcases.MassageTherapy"/>
  <system-out/>
</testsuite> <!-- com.degreezenv6.qa.testcases.MassageTherapy -->
