<?xml version="1.0" encoding="UTF-8"?>
<!-- Generated by org.testng.reporters.JUnitReportReporter -->
<testsuite skipped="0" hostname="LAPTOP-IFLMPRQ2" name="com.degreezenv1.qa.testcases.CommunicationAndMultimedia" tests="1" failures="0" timestamp="2022-05-18T13:09:01 IST" time="38.436" errors="0">
  <testcase name="communicationAndMultimedia" time="38.436" classname="com.degreezenv1.qa.testcases.CommunicationAndMultimedia"/>
  <system-out/>
</testsuite> <!-- com.degreezenv1.qa.testcases.CommunicationAndMultimedia -->
