<?xml version="1.0" encoding="UTF-8"?>
<!-- Generated by org.testng.reporters.JUnitReportReporter -->
<testsuite skipped="0" hostname="LAPTOP-IFLMPRQ2" name="com.fitsyn.qa.testcases.InApplicationListPageSearchApplicationByValidDataOnDifferentDatesWithDifferentStatus" tests="1" failures="0" timestamp="2021-11-24T09:11:29 IST" time="481.071" errors="0">
  <testcase name="applicationListPageSearchApplicationByValidDataOnDifferentDatesWithDifferentStatus" time="481.071" classname="com.fitsyn.qa.testcases.InApplicationListPageSearchApplicationByValidDataOnDifferentDatesWithDifferentStatus"/>
  <system-out/>
</testsuite> <!-- com.fitsyn.qa.testcases.InApplicationListPageSearchApplicationByValidDataOnDifferentDatesWithDifferentStatus -->
