<?xml version="1.0" encoding="UTF-8"?>
<!-- Generated by org.testng.reporters.JUnitReportReporter -->
<testsuite skipped="0" hostname="LAPTOP-IFLMPRQ2" name="com.fitsyn.qa.multipletestcases.AutoRedirectToBestOffersRailTwo" tests="2" failures="0" timestamp="2021-11-24T09:11:29 IST" time="228.209" errors="0">
  <testcase name="systemSettingRailTwo" time="40.323" classname="com.fitsyn.qa.multipletestcases.AutoRedirectToBestOffersRailTwo"/>
  <system-out/>
  <testcase name="createApplicationRailTwoRedirectToBestOffer" time="187.886" classname="com.fitsyn.qa.multipletestcases.AutoRedirectToBestOffersRailTwo"/>
  <system-out/>
</testsuite> <!-- com.fitsyn.qa.multipletestcases.AutoRedirectToBestOffersRailTwo -->
