<?xml version="1.0" encoding="UTF-8"?>
<!-- Generated by org.testng.reporters.JUnitReportReporter -->
<testsuite skipped="0" hostname="LAPTOP-IFLMPRQ2" name="com.degreezenv6.qa.testcases.PoliticalScience" tests="1" failures="0" timestamp="2022-05-24T11:10:23 IST" time="43.860" errors="0">
  <testcase name="politicalScience" time="43.860" classname="com.degreezenv6.qa.testcases.PoliticalScience"/>
  <system-out/>
</testsuite> <!-- com.degreezenv6.qa.testcases.PoliticalScience -->
