<?xml version="1.0" encoding="UTF-8"?>
<!-- Generated by org.testng.reporters.JUnitReportReporter -->
<testsuite skipped="0" hostname="LAPTOP-IFLMPRQ2" name="com.fitsyn.qa.multipletestcases.PublicFormIndividualApplicationRailOneTestcase1" tests="2" failures="0" timestamp="2021-08-24T23:34:21 IST" time="211.671" errors="0">
  <testcase name="createApp" time="25.820" classname="com.fitsyn.qa.multipletestcases.PublicFormIndividualApplicationRailOneTestcase1"/>
  <system-out/>
  <testcase name="publicForm" time="185.851" classname="com.fitsyn.qa.multipletestcases.PublicFormIndividualApplicationRailOneTestcase1"/>
  <system-out/>
</testsuite> <!-- com.fitsyn.qa.multipletestcases.PublicFormIndividualApplicationRailOneTestcase1 -->
