<?xml version="1.0" encoding="UTF-8"?>
<!-- Generated by org.testng.reporters.JUnitReportReporter -->
<testsuite skipped="0" hostname="LAPTOP-IFLMPRQ2" name="com.fitsyn.qa.testcases.InSchedularSideMenuApplicantSMSSchedular" tests="2" failures="0" timestamp="2021-08-05T15:40:39 IST" time="85.300" errors="0">
  <testcase name="addSchedularOfferClicked" time="67.906" classname="com.fitsyn.qa.testcases.InSchedularSideMenuApplicantSMSSchedular"/>
  <system-out/>
  <testcase name="editSchedular" time="17.394" classname="com.fitsyn.qa.testcases.InSchedularSideMenuApplicantSMSSchedular"/>
  <system-out/>
</testsuite> <!-- com.fitsyn.qa.testcases.InSchedularSideMenuApplicantSMSSchedular -->
