<?xml version="1.0" encoding="UTF-8"?>
<!-- Generated by org.testng.reporters.JUnitReportReporter -->
<testsuite skipped="0" hostname="LAPTOP-IFLMPRQ2" name="com.fitsyn.qa.testcases.Campaign" tests="4" failures="0" timestamp="2021-11-24T10:12:57 IST" time="144.031" errors="0">
  <testcase name="createUser" time="55.550" classname="com.fitsyn.qa.testcases.Campaign"/>
  <system-out/>
  <testcase name="buyNumbercreateAgentGroup" time="16.288" classname="com.fitsyn.qa.testcases.Campaign"/>
  <system-out/>
  <testcase name="createCampaign" time="41.801" classname="com.fitsyn.qa.testcases.Campaign"/>
  <system-out/>
  <testcase name="uploadLeadsCampaignPage" time="30.392" classname="com.fitsyn.qa.testcases.Campaign"/>
  <system-out/>
</testsuite> <!-- com.fitsyn.qa.testcases.Campaign -->
