<?xml version="1.0" encoding="UTF-8"?>
<!-- Generated by org.testng.reporters.JUnitReportReporter -->
<testsuite skipped="0" hostname="LAPTOP-IFLMPRQ2" name="com.fitsyn.qa.testcases.PublicFormIndividualApplicationRailOneTestcase2" tests="1" failures="0" timestamp="2021-08-10T10:13:58 IST" time="178.361" errors="0">
  <testcase name="publicForm" time="178.361" classname="com.fitsyn.qa.testcases.PublicFormIndividualApplicationRailOneTestcase2"/>
  <system-out/>
</testsuite> <!-- com.fitsyn.qa.testcases.PublicFormIndividualApplicationRailOneTestcase2 -->
