<?xml version="1.0" encoding="UTF-8"?>
<!-- Generated by org.testng.reporters.JUnitReportReporter -->
<testsuite skipped="0" hostname="LAPTOP-IFLMPRQ2" name="com.fitsyn.qa.testcases.CampaignRailtwoLeadAPI" tests="4" failures="0" timestamp="2021-11-24T10:12:57 IST" time="68.179" errors="0">
  <testcase name="subAccountRailTwo" time="29.123" classname="com.fitsyn.qa.testcases.CampaignRailtwoLeadAPI"/>
  <system-out/>
  <testcase name="systemSettingAllowDuplicateLeads" time="17.439" classname="com.fitsyn.qa.testcases.CampaignRailtwoLeadAPI"/>
  <system-out/>
  <testcase name="createCampaignLeadRailTwoPOSTAPI" time="13.687" classname="com.fitsyn.qa.testcases.CampaignRailtwoLeadAPI"/>
  <system-out/>
  <testcase name="navigateLeadPage" time="7.930" classname="com.fitsyn.qa.testcases.CampaignRailtwoLeadAPI"/>
  <system-out/>
</testsuite> <!-- com.fitsyn.qa.testcases.CampaignRailtwoLeadAPI -->
