<?xml version="1.0" encoding="UTF-8"?>
<!-- Generated by org.testng.reporters.JUnitReportReporter -->
<testsuite skipped="0" hostname="LAPTOP-IFLMPRQ2" name="com.fitsyn.qa.testcases.CampaignRailOneDuplicateLeadAPI" tests="3" failures="0" timestamp="2021-07-27T17:02:18 IST" time="29.918" errors="0">
  <testcase name="systemSettingPage" time="17.753" classname="com.fitsyn.qa.testcases.CampaignRailOneDuplicateLeadAPI"/>
  <system-out/>
  <testcase name="validData" time="2.142" classname="com.fitsyn.qa.testcases.CampaignRailOneDuplicateLeadAPI"/>
  <system-out/>
  <testcase name="submitform" time="10.023" classname="com.fitsyn.qa.testcases.CampaignRailOneDuplicateLeadAPI"/>
  <system-out/>
</testsuite> <!-- com.fitsyn.qa.testcases.CampaignRailOneDuplicateLeadAPI -->
