<?xml version="1.0" encoding="UTF-8"?>
<!-- Generated by org.testng.reporters.JUnitReportReporter -->
<testsuite skipped="0" hostname="LAPTOP-IFLMPRQ2" name="com.fitsyn.qa.testcases.SMSTemplate" tests="1" failures="0" timestamp="2021-11-24T10:12:57 IST" time="23.932" errors="0">
  <testcase name="createSMStemplate" time="23.932" classname="com.fitsyn.qa.testcases.SMSTemplate"/>
  <system-out/>
</testsuite> <!-- com.fitsyn.qa.testcases.SMSTemplate -->
