<?xml version="1.0" encoding="UTF-8"?>
<!-- Generated by org.testng.reporters.JUnitReportReporter -->
<testsuite skipped="0" hostname="LAPTOP-IFLMPRQ2" name="com.fitsyn.qa.testcases.InSearchApplicationPageSearchThreeApplicationsByLeadUUID" tests="1" failures="0" timestamp="2021-08-11T17:17:48 IST" time="60.147" errors="0">
  <testcase name="uuidFirstapp" time="60.147" classname="com.fitsyn.qa.testcases.InSearchApplicationPageSearchThreeApplicationsByLeadUUID"/>
  <system-out/>
</testsuite> <!-- com.fitsyn.qa.testcases.InSearchApplicationPageSearchThreeApplicationsByLeadUUID -->
