<?xml version="1.0" encoding="UTF-8"?>
<!-- Generated by org.testng.reporters.JUnitReportReporter -->
<testsuite skipped="0" hostname="LAPTOP-IFLMPRQ2" name="com.fitsyn.qa.testcases.InvalidJointApplicationValidIndvidualApplication" tests="1" failures="0" timestamp="2021-08-06T17:16:20 IST" time="151.291" errors="0">
  <testcase name="fillForm" time="151.291" classname="com.fitsyn.qa.testcases.InvalidJointApplicationValidIndvidualApplication"/>
  <system-out/>
</testsuite> <!-- com.fitsyn.qa.testcases.InvalidJointApplicationValidIndvidualApplication -->
