<?xml version="1.0" encoding="UTF-8"?>
<!-- Generated by org.testng.reporters.JUnitReportReporter -->
<testsuite skipped="0" hostname="LAPTOP-IFLMPRQ2" name="com.fitsyn.qa.testcases.RVMTemplate" tests="1" failures="0" timestamp="2021-08-24T14:56:18 IST" time="50.243" errors="0">
  <testcase name="createRVMTemplate" time="50.243" classname="com.fitsyn.qa.testcases.RVMTemplate"/>
  <system-out/>
</testsuite> <!-- com.fitsyn.qa.testcases.RVMTemplate -->
