<?xml version="1.0" encoding="UTF-8"?>
<!-- Generated by org.testng.reporters.JUnitReportReporter -->
<testsuite skipped="0" hostname="LAPTOP-IFLMPRQ2" name="com.degreezenv7.qa.testcases.ArtsAndHospitality" tests="1" failures="0" timestamp="2022-05-26T11:02:22 IST" time="42.268" errors="0">
  <testcase name="artAndHospitality" time="42.268" classname="com.degreezenv7.qa.testcases.ArtsAndHospitality"/>
  <system-out/>
</testsuite> <!-- com.degreezenv7.qa.testcases.ArtsAndHospitality -->
