<?xml version="1.0" encoding="UTF-8"?>
<!-- Generated by org.testng.reporters.JUnitReportReporter -->
<testsuite skipped="0" hostname="LAPTOP-IFLMPRQ2" name="com.fitsyn.qa.testcases.IVR" tests="1" failures="0" timestamp="2021-11-24T10:12:57 IST" time="120.493" errors="0">
  <testcase name="createIVR" time="120.493" classname="com.fitsyn.qa.testcases.IVR"/>
  <system-out/>
</testsuite> <!-- com.fitsyn.qa.testcases.IVR -->
