<?xml version="1.0" encoding="UTF-8"?>
<!-- Generated by org.testng.reporters.JUnitReportReporter -->
<testsuite skipped="0" hostname="LAPTOP-IFLMPRQ2" name="com.degreezenv6.qa.testcases.ArtAndDesignProgram" tests="1" failures="0" timestamp="2022-06-23T12:23:50 IST" time="84.118" errors="0">
  <testcase name="artDesign" time="84.118" classname="com.degreezenv6.qa.testcases.ArtAndDesignProgram"/>
  <system-out/>
</testsuite> <!-- com.degreezenv6.qa.testcases.ArtAndDesignProgram -->
