<?xml version="1.0" encoding="UTF-8"?>
<!-- Generated by org.testng.reporters.JUnitReportReporter -->
<testsuite skipped="0" hostname="LAPTOP-IFLMPRQ2" name="com.fitsyn.qa.testcases.CardCustomOffer" tests="1" failures="0" timestamp="2021-08-31T12:06:19 IST" time="107.445" errors="0">
  <testcase name="disableEnableCreditCardCustomOffersCreateApplication" time="107.445" classname="com.fitsyn.qa.testcases.CardCustomOffer"/>
  <system-out/>
</testsuite> <!-- com.fitsyn.qa.testcases.CardCustomOffer -->
