<?xml version="1.0" encoding="UTF-8"?>
<!-- Generated by org.testng.reporters.JUnitReportReporter -->
<testsuite skipped="0" hostname="LAPTOP-IFLMPRQ2" name="com.degreezenv1.qa.testcases.ArtAndDesignProgram" tests="1" failures="0" timestamp="2022-06-23T11:37:38 IST" time="73.656" errors="0">
  <testcase name="artDesign" time="73.656" classname="com.degreezenv1.qa.testcases.ArtAndDesignProgram"/>
  <system-out/>
</testsuite> <!-- com.degreezenv1.qa.testcases.ArtAndDesignProgram -->
