<?xml version="1.0" encoding="UTF-8"?>
<!-- Generated by org.testng.reporters.JUnitReportReporter -->
<testsuite skipped="0" hostname="LAPTOP-IFLMPRQ2" name="com.fitsyn.qa.testcases.RailTwoApplictionAPIData" tests="3" failures="0" timestamp="2021-08-02T17:41:18 IST" time="58.945" errors="0">
  <testcase name="createApp" time="32.673" classname="com.fitsyn.qa.testcases.RailTwoApplictionAPIData"/>
  <system-out/>
  <testcase name="validData" time="6.059" classname="com.fitsyn.qa.testcases.RailTwoApplictionAPIData"/>
  <system-out/>
  <testcase name="runApp" time="20.213" classname="com.fitsyn.qa.testcases.RailTwoApplictionAPIData"/>
  <system-out/>
</testsuite> <!-- com.fitsyn.qa.testcases.RailTwoApplictionAPIData -->
