<?xml version="1.0" encoding="UTF-8"?>
<!-- Generated by org.testng.reporters.JUnitReportReporter -->
<testsuite skipped="0" hostname="LAPTOP-IFLMPRQ2" name="com.fitsyn.qa.testcases.RepresentativeRailTwoPOSTAPIAboveAge" tests="4" failures="0" timestamp="2021-08-09T16:00:34 IST" time="78.862" errors="0">
  <testcase name="searchRepresentative" time="29.592" classname="com.fitsyn.qa.testcases.RepresentativeRailTwoPOSTAPIAboveAge"/>
  <system-out/>
  <testcase name="validData" time="5.170" classname="com.fitsyn.qa.testcases.RepresentativeRailTwoPOSTAPIAboveAge"/>
  <system-out/>
  <testcase name="submitform" time="34.572" classname="com.fitsyn.qa.testcases.RepresentativeRailTwoPOSTAPIAboveAge"/>
  <system-out/>
  <testcase name="switchBackAdmin" time="9.528" classname="com.fitsyn.qa.testcases.RepresentativeRailTwoPOSTAPIAboveAge"/>
  <system-out/>
</testsuite> <!-- com.fitsyn.qa.testcases.RepresentativeRailTwoPOSTAPIAboveAge -->
