<?xml version="1.0" encoding="UTF-8"?>
<!-- Generated by org.testng.reporters.JUnitReportReporter -->
<testsuite skipped="0" hostname="LAPTOP-IFLMPRQ2" name="com.degreezenv6.qa.testcases.LegalProfessions" tests="1" failures="0" timestamp="2022-05-24T10:48:04 IST" time="44.039" errors="0">
  <testcase name="legalProfessions" time="44.039" classname="com.degreezenv6.qa.testcases.LegalProfessions"/>
  <system-out/>
</testsuite> <!-- com.degreezenv6.qa.testcases.LegalProfessions -->
