<?xml version="1.0" encoding="UTF-8"?>
<!-- Generated by org.testng.reporters.JUnitReportReporter -->
<testsuite skipped="0" hostname="LAPTOP-IFLMPRQ2" name="com.degreezenv3.qa.testcases.ArtAndDesignProgramForm" tests="1" failures="0" timestamp="2022-06-23T11:52:17 IST" time="85.603" errors="0">
  <testcase name="artDesignForm" time="85.603" classname="com.degreezenv3.qa.testcases.ArtAndDesignProgramForm"/>
  <system-out/>
</testsuite> <!-- com.degreezenv3.qa.testcases.ArtAndDesignProgramForm -->
