<?xml version="1.0" encoding="UTF-8"?>
<!-- Generated by org.testng.reporters.JUnitReportReporter -->
<testsuite skipped="0" hostname="LAPTOP-IFLMPRQ2" name="com.degreezen.qa.testcases.BusinessForm" tests="1" failures="0" timestamp="2022-03-08T15:19:19 IST" time="54.768" errors="0">
  <testcase name="businessForm" time="54.768" classname="com.degreezen.qa.testcases.BusinessForm"/>
  <system-out/>
</testsuite> <!-- com.degreezen.qa.testcases.BusinessForm -->
