<?xml version="1.0" encoding="UTF-8"?>
<!-- Generated by org.testng.reporters.JUnitReportReporter -->
<testsuite skipped="0" hostname="LAPTOP-IFLMPRQ2" name="com.fitsyn.qa.testcases.Affiliate" tests="1" failures="0" timestamp="2021-08-04T11:09:26 IST" time="59.172" errors="0">
  <testcase name="addAfilliate" time="59.172" classname="com.fitsyn.qa.testcases.Affiliate"/>
  <system-out/>
</testsuite> <!-- com.fitsyn.qa.testcases.Affiliate -->
