<?xml version="1.0" encoding="UTF-8"?>
<!-- Generated by org.testng.reporters.JUnitReportReporter -->
<testsuite skipped="0" hostname="LAPTOP-IFLMPRQ2" name="com.fitsyn.qa.multipletestcases.PublicFormCreditCardApplicationRailTwo" tests="2" failures="0" timestamp="2021-08-24T16:17:56 IST" time="96.364" errors="0">
  <testcase name="createApp" time="30.832" classname="com.fitsyn.qa.multipletestcases.PublicFormCreditCardApplicationRailTwo"/>
  <system-out/>
  <testcase name="publicForm" time="65.532" classname="com.fitsyn.qa.multipletestcases.PublicFormCreditCardApplicationRailTwo"/>
  <system-out/>
</testsuite> <!-- com.fitsyn.qa.multipletestcases.PublicFormCreditCardApplicationRailTwo -->
