<?xml version="1.0" encoding="UTF-8"?>
<!-- Generated by org.testng.reporters.JUnitReportReporter -->
<testsuite skipped="0" hostname="LAPTOP-IFLMPRQ2" name="com.fitsyn.qa.testcases.InviteUsers" tests="8" failures="0" timestamp="2021-08-10T17:04:03 IST" time="152.488" errors="0">
  <testcase name="userList" time="24.664" classname="com.fitsyn.qa.testcases.InviteUsers"/>
  <system-out/>
  <testcase name="userList2" time="19.339" classname="com.fitsyn.qa.testcases.InviteUsers"/>
  <system-out/>
  <testcase name="userList3" time="19.669" classname="com.fitsyn.qa.testcases.InviteUsers"/>
  <system-out/>
  <testcase name="userList4" time="19.438" classname="com.fitsyn.qa.testcases.InviteUsers"/>
  <system-out/>
  <testcase name="userList5" time="14.320" classname="com.fitsyn.qa.testcases.InviteUsers"/>
  <system-out/>
  <testcase name="userList6" time="20.185" classname="com.fitsyn.qa.testcases.InviteUsers"/>
  <system-out/>
  <testcase name="userList7" time="20.031" classname="com.fitsyn.qa.testcases.InviteUsers"/>
  <system-out/>
  <testcase name="userList8" time="14.842" classname="com.fitsyn.qa.testcases.InviteUsers"/>
  <system-out/>
</testsuite> <!-- com.fitsyn.qa.testcases.InviteUsers -->
