<?xml version="1.0" encoding="UTF-8"?>
<!-- Generated by org.testng.reporters.JUnitReportReporter -->
<testsuite skipped="0" hostname="LAPTOP-IFLMPRQ2" name="com.fitsyn.qa.testcases.SubAccount" tests="1" failures="0" timestamp="2021-08-03T15:31:06 IST" time="83.508" errors="0">
  <testcase name="addSubAccount" time="83.508" classname="com.fitsyn.qa.testcases.SubAccount"/>
  <system-out/>
</testsuite> <!-- com.fitsyn.qa.testcases.SubAccount -->
