<?xml version="1.0" encoding="UTF-8"?>
<!-- Generated by org.testng.reporters.JUnitReportReporter -->
<testsuite skipped="0" hostname="LAPTOP-IFLMPRQ2" name="com.fitsyn.qa.multipletestcases.CreditCardReportIndividualApplication" tests="3" failures="0" timestamp="2021-11-24T09:11:29 IST" time="281.536" errors="0">
  <testcase name="subaccountSettingRailOne" time="40.687" classname="com.fitsyn.qa.multipletestcases.CreditCardReportIndividualApplication"/>
  <system-out/>
  <testcase name="createIndividualApplicationCreditReport" time="206.963" classname="com.fitsyn.qa.multipletestcases.CreditCardReportIndividualApplication"/>
  <system-out/>
  <testcase name="appHistory" time="33.886" classname="com.fitsyn.qa.multipletestcases.CreditCardReportIndividualApplication"/>
  <system-out/>
</testsuite> <!-- com.fitsyn.qa.multipletestcases.CreditCardReportIndividualApplication -->
