<?xml version="1.0" encoding="UTF-8"?>
<!-- Generated by org.testng.reporters.JUnitReportReporter -->
<testsuite skipped="0" hostname="LAPTOP-IFLMPRQ2" name="com.degreezenv6.qa.testcases.CriminalJusticeForm" tests="1" failures="0" timestamp="2022-05-23T18:32:59 IST" time="49.903" errors="0">
  <testcase name="criminalJusticeForm" time="49.903" classname="com.degreezenv6.qa.testcases.CriminalJusticeForm"/>
  <system-out/>
</testsuite> <!-- com.degreezenv6.qa.testcases.CriminalJusticeForm -->
