<?xml version="1.0" encoding="UTF-8"?>
<!-- Generated by org.testng.reporters.JUnitReportReporter -->
<testsuite skipped="0" hostname="LAPTOP-IFLMPRQ2" name="com.degreezenv2.qa.testcases.ArtAndDesignProgramForm" tests="1" failures="0" timestamp="2022-03-22T13:41:54 IST" time="35.293" errors="0">
  <testcase name="artDesignForm" time="35.293" classname="com.degreezenv2.qa.testcases.ArtAndDesignProgramForm"/>
  <system-out/>
</testsuite> <!-- com.degreezenv2.qa.testcases.ArtAndDesignProgramForm -->
