<?xml version="1.0" encoding="UTF-8"?>
<!-- Generated by org.testng.reporters.JUnitReportReporter -->
<testsuite skipped="0" hostname="LAPTOP-IFLMPRQ2" name="com.fitsyn.qa.testcases.NFBoardJointApplicationTestCase1" tests="2" failures="0" timestamp="2021-08-06T16:43:07 IST" time="209.207" errors="0">
  <testcase name="fillForm" time="181.801" classname="com.fitsyn.qa.testcases.NFBoardJointApplicationTestCase1"/>
  <system-out/>
  <testcase name="appHistory" time="27.406" classname="com.fitsyn.qa.testcases.NFBoardJointApplicationTestCase1"/>
  <system-out/>
</testsuite> <!-- com.fitsyn.qa.testcases.NFBoardJointApplicationTestCase1 -->
