<?xml version="1.0" encoding="UTF-8"?>
<!-- Generated by org.testng.reporters.JUnitReportReporter -->
<testsuite skipped="0" hostname="LAPTOP-IFLMPRQ2" name="com.fitsyn.qa.testcases.UploadLeads" tests="3" failures="0" timestamp="2021-11-24T10:12:57 IST" time="169.782" errors="0">
  <testcase name="uploadLead" time="45.330" classname="com.fitsyn.qa.testcases.UploadLeads"/>
  <system-out/>
  <testcase name="uplodedFiles" time="20.706" classname="com.fitsyn.qa.testcases.UploadLeads"/>
  <system-out/>
  <testcase name="sortColumns" time="103.746" classname="com.fitsyn.qa.testcases.UploadLeads"/>
  <system-out/>
</testsuite> <!-- com.fitsyn.qa.testcases.UploadLeads -->
