<?xml version="1.0" encoding="UTF-8"?>
<!-- Generated by org.testng.reporters.JUnitReportReporter -->
<testsuite skipped="0" hostname="LAPTOP-IFLMPRQ2" name="com.fitsyn.qa.testcases.RailTwoAfterpreofferprocesswithoptinprocess" tests="3" failures="0" timestamp="2021-08-31T12:06:19 IST" time="179.927" errors="0">
  <testcase name="subaccountSettingRailTwo" time="25.140" classname="com.fitsyn.qa.testcases.RailTwoAfterpreofferprocesswithoptinprocess"/>
  <system-out/>
  <testcase name="showPreofferAfterpageDropdowmMenu" time="14.041" classname="com.fitsyn.qa.testcases.RailTwoAfterpreofferprocesswithoptinprocess"/>
  <system-out/>
  <testcase name="createApplicationRailTwoAfterPreOfferConfirmationPage" time="140.746" classname="com.fitsyn.qa.testcases.RailTwoAfterpreofferprocesswithoptinprocess"/>
  <system-out/>
</testsuite> <!-- com.fitsyn.qa.testcases.RailTwoAfterpreofferprocesswithoptinprocess -->
