<?xml version="1.0" encoding="UTF-8"?>
<!-- Generated by org.testng.reporters.JUnitReportReporter -->
<testsuite skipped="0" hostname="LAPTOP-IFLMPRQ2" name="com.fitsyn.qa.testcases.PublicFormJointApplication" tests="1" failures="0" timestamp="2021-08-06T21:18:35 IST" time="49.244" errors="0">
  <testcase name="fillForm" time="49.244" classname="com.fitsyn.qa.testcases.PublicFormJointApplication"/>
  <system-out/>
</testsuite> <!-- com.fitsyn.qa.testcases.PublicFormJointApplication -->
