<?xml version="1.0" encoding="UTF-8"?>
<!-- Generated by org.testng.reporters.JUnitReportReporter -->
<testsuite skipped="0" hostname="LAPTOP-IFLMPRQ2" name="com.fitsyn.qa.testcases.CampaignRailOneleadAPI" tests="3" failures="0" timestamp="2021-11-24T10:12:57 IST" time="41.502" errors="0">
  <testcase name="subAccountRailOne" time="33.047" classname="com.fitsyn.qa.testcases.CampaignRailOneleadAPI"/>
  <system-out/>
  <testcase name="createCampaignLeadRailOnePOSTAPI" time="2.212" classname="com.fitsyn.qa.testcases.CampaignRailOneleadAPI"/>
  <system-out/>
  <testcase name="navigateLeadPage" time="6.243" classname="com.fitsyn.qa.testcases.CampaignRailOneleadAPI"/>
  <system-out/>
</testsuite> <!-- com.fitsyn.qa.testcases.CampaignRailOneleadAPI -->
