<?xml version="1.0" encoding="UTF-8"?>
<!-- Generated by org.testng.reporters.JUnitReportReporter -->
<testsuite skipped="0" hostname="LAPTOP-IFLMPRQ2" name="com.fitsyn.qa.testcases.Addlead" tests="4" failures="0" timestamp="2021-11-24T10:12:57 IST" time="546.570" errors="0">
  <testcase name="addfirstlead" time="107.605" classname="com.fitsyn.qa.testcases.Addlead"/>
  <system-out/>
  <testcase name="addsecondlead" time="115.264" classname="com.fitsyn.qa.testcases.Addlead"/>
  <system-out/>
  <testcase name="reAssignLeads" time="57.112" classname="com.fitsyn.qa.testcases.Addlead"/>
  <system-out/>
  <testcase name="downloadCSVLeadList" time="266.589" classname="com.fitsyn.qa.testcases.Addlead"/>
  <system-out/>
</testsuite> <!-- com.fitsyn.qa.testcases.Addlead -->
