<?xml version="1.0" encoding="UTF-8"?>
<!-- Generated by org.testng.reporters.JUnitReportReporter -->
<testsuite skipped="0" hostname="LAPTOP-IFLMPRQ2" name="com.fitsyn.qa.testcases.SubaccountApproveSearchSwitchAccount" tests="1" failures="0" timestamp="2021-08-04T14:14:17 IST" time="21.840" errors="0">
  <testcase name="downloadCSV" time="21.840" classname="com.fitsyn.qa.testcases.SubaccountApproveSearchSwitchAccount"/>
  <system-out/>
</testsuite> <!-- com.fitsyn.qa.testcases.SubaccountApproveSearchSwitchAccount -->
