<?xml version="1.0" encoding="UTF-8"?>
<!-- Generated by org.testng.reporters.JUnitReportReporter -->
<testsuite skipped="0" hostname="LAPTOP-IFLMPRQ2" name="com.degreezenv6.qa.testcases.ArtsAndHospitality" tests="1" failures="0" timestamp="2022-05-23T12:15:25 IST" time="40.290" errors="0">
  <testcase name="artsAndHospitality" time="40.290" classname="com.degreezenv6.qa.testcases.ArtsAndHospitality"/>
  <system-out/>
</testsuite> <!-- com.degreezenv6.qa.testcases.ArtsAndHospitality -->
