<?xml version="1.0" encoding="UTF-8"?>
<!-- Generated by org.testng.reporters.JUnitReportReporter -->
<testsuite skipped="0" hostname="LAPTOP-IFLMPRQ2" name="com.degreezenv6.qa.testcases.Program" tests="1" failures="0" timestamp="2022-06-03T13:30:36 IST" time="85.274" errors="0">
  <testcase name="program" time="85.274" classname="com.degreezenv6.qa.testcases.Program"/>
  <system-out/>
</testsuite> <!-- com.degreezenv6.qa.testcases.Program -->
